TN:
SF:src/index.js
FN:5,getObjFromFile
FN:16,comareObjects
FN:38,genDiff
FNF:3
FNH:3
FNDA:2,getObjFromFile
FNDA:1,comareObjects
FNDA:1,genDiff
DA:1,1
DA:2,1
DA:3,1
DA:4,1
DA:5,1
DA:6,2
DA:7,2
DA:8,2
DA:9,2
DA:10,2
DA:11,2
DA:12,2
DA:13,2
DA:14,2
DA:15,1
DA:16,1
DA:17,1
DA:18,1
DA:19,1
DA:20,1
DA:21,1
DA:22,5
DA:23,5
DA:24,3
DA:25,3
DA:26,3
DA:27,3
DA:28,3
DA:29,3
DA:30,3
DA:31,1
DA:32,5
DA:33,5
DA:34,1
DA:35,1
DA:36,1
DA:37,1
DA:38,1
DA:39,1
DA:40,1
DA:41,1
DA:42,1
DA:43,1
DA:44,1
DA:45,1
DA:46,1
LF:46
LH:46
BRDA:5,0,0,2
BRDA:16,1,0,1
BRDA:21,2,0,5
BRDA:23,3,0,4
BRDA:23,4,0,2
BRDA:24,5,0,1
BRDA:23,6,0,3
BRDA:30,7,0,2
BRDA:30,8,0,1
BRDA:38,9,0,1
BRF:10
BRH:10
end_of_record
